<?xml version="1.0" encoding="UTF-8"?>
<!-- Generated by org.testng.reporters.JUnitXMLReporter -->
<testsuite ignored="2" hostname="LAPTOP-9D969G7I" failures="0" tests="4" name="Test" time="15.96" errors="0" timestamp="2022-08-04T17:52:14 IST">
  <testcase classname="tests.LoginTest" name="verifybuttontext" time="0.523"/>
  <testcase classname="tests.LoginTest" name="login" time="10.309"/>
  <testcase classname="tests.HomePageTest" name="goToTab" time="2.722"/>
  <testcase classname="tests.HomePageTest" name="logout" time="1.899"/>
  <testcase classname="tests.BaseTest" name="@AfterSuite tearDown" time="0.0">
    <ignored/>
  </testcase> <!-- @AfterSuite tearDown -->
  <testcase classname="tests.BaseTest" name="@BeforeSuite init" time="0.0">
    <ignored/>
  </testcase> <!-- @BeforeSuite init -->
</testsuite> <!-- Test -->
