<?xml version="1.0" encoding="UTF-8"?>
<testng-results ignored="2" total="6" passed="4" failed="0" skipped="0">
  <reporter-output>
  </reporter-output>
  <suite started-at="2022-08-04T17:51:58 IST" name="Suite" finished-at="2022-08-04T17:52:14 IST" duration-ms="15960">
    <groups>
    </groups>
    <test started-at="2022-08-04T17:51:58 IST" name="Test" finished-at="2022-08-04T17:52:14 IST" duration-ms="15960">
      <class name="tests.LoginTest">
        <test-method is-config="true" signature="init()[pri:0, instance:tests.LoginTest@79924b]" started-at="2022-08-04T17:51:12 IST" name="init" finished-at="2022-08-04T17:51:58 IST" duration-ms="46019" status="PASS">
          <reporter-output>
          </reporter-output>
        </test-method> <!-- init -->
        <test-method is-config="true" signature="initObject()[pri:0, instance:tests.LoginTest@79924b]" started-at="2022-08-04T17:51:58 IST" name="initObject" finished-at="2022-08-04T17:51:58 IST" duration-ms="271" status="PASS">
          <reporter-output>
          </reporter-output>
        </test-method> <!-- initObject -->
        <test-method signature="verifybuttontext()[pri:1, instance:tests.LoginTest@79924b]" started-at="2022-08-04T17:51:59 IST" name="verifybuttontext" finished-at="2022-08-04T17:51:59 IST" duration-ms="523" status="PASS">
          <reporter-output>
          </reporter-output>
        </test-method> <!-- verifybuttontext -->
        <test-method signature="login()[pri:2, instance:tests.LoginTest@79924b]" started-at="2022-08-04T17:51:59 IST" name="login" finished-at="2022-08-04T17:52:09 IST" duration-ms="10309" status="PASS">
          <reporter-output>
          </reporter-output>
        </test-method> <!-- login -->
        <test-method is-config="true" signature="tearDown()[pri:0, instance:tests.LoginTest@79924b]" started-at="2022-08-04T17:52:14 IST" name="tearDown" finished-at="2022-08-04T17:52:14 IST" duration-ms="322" status="PASS">
          <reporter-output>
          </reporter-output>
        </test-method> <!-- tearDown -->
      </class> <!-- tests.LoginTest -->
      <class name="tests.HomePageTest">
        <test-method is-config="true" signature="initObject()[pri:0, instance:tests.HomePageTest@1aa7ecca]" started-at="2022-08-04T17:52:09 IST" name="initObject" finished-at="2022-08-04T17:52:09 IST" duration-ms="23" status="PASS">
          <reporter-output>
          </reporter-output>
        </test-method> <!-- initObject -->
        <test-method signature="goToTab()[pri:1, instance:tests.HomePageTest@1aa7ecca]" started-at="2022-08-04T17:52:09 IST" name="goToTab" finished-at="2022-08-04T17:52:12 IST" duration-ms="2722" status="PASS">
          <reporter-output>
          </reporter-output>
        </test-method> <!-- goToTab -->
        <test-method signature="logout()[pri:2, instance:tests.HomePageTest@1aa7ecca]" started-at="2022-08-04T17:52:12 IST" name="logout" finished-at="2022-08-04T17:52:14 IST" duration-ms="1899" status="PASS">
          <reporter-output>
          </reporter-output>
        </test-method> <!-- logout -->
      </class> <!-- tests.HomePageTest -->
    </test> <!-- Test -->
  </suite> <!-- Suite -->
</testng-results>
